{"uid":"a38c715a573dbb15","name":"Runs Cucumber Scenarios","fullName":"io.cucumber.testng.AbstractTestNGCucumberTests.runScenario","historyId":"feaaeab7868a89fc4df675f4a67d61cc","time":{"start":1729987883024,"stop":1729987917684,"duration":34660},"status":"failed","statusMessage":"expected [false] but found [true]","statusTrace":"java.lang.AssertionError: expected [false] but found [true]\n\tat org.testng.Assert.fail(Assert.java:110)\n\tat org.testng.Assert.failNotEquals(Assert.java:1413)\n\tat org.testng.Assert.assertFalse(Assert.java:78)\n\tat org.testng.Assert.assertFalse(Assert.java:88)\n\tat stepDefinitions.Batch_Edit_icon_Validation.admin_should_see_program_name_value_field_is_disabled_for_editing(Batch_Edit_icon_Validation.java:48)\n\tat ✽.Admin should see Program name value field is disabled for editing(file:///Users/mathumathibalakrishnan/git/Team13_SeleniumPathfinders/src/test/resources/features/TC04_05_Edit_icon_Validation.feature:14)\n","flaky":false,"newFailed":false,"newBroken":false,"newPassed":false,"retriesCount":0,"retriesStatusChange":false,"beforeStages":[{"name":"setUpClass","time":{"start":1729987847493,"stop":1729987848380,"duration":887},"description":"","status":"passed","steps":[],"attachments":[],"parameters":[],"stepsCount":0,"hasContent":false,"shouldDisplayMessage":false,"attachmentsCount":0,"attachmentStep":false}],"testStage":{"status":"failed","statusMessage":"expected [false] but found [true]","statusTrace":"java.lang.AssertionError: expected [false] but found [true]\n\tat org.testng.Assert.fail(Assert.java:110)\n\tat org.testng.Assert.failNotEquals(Assert.java:1413)\n\tat org.testng.Assert.assertFalse(Assert.java:78)\n\tat org.testng.Assert.assertFalse(Assert.java:88)\n\tat stepDefinitions.Batch_Edit_icon_Validation.admin_should_see_program_name_value_field_is_disabled_for_editing(Batch_Edit_icon_Validation.java:48)\n\tat ✽.Admin should see Program name value field is disabled for editing(file:///Users/mathumathibalakrishnan/git/Team13_SeleniumPathfinders/src/test/resources/features/TC04_05_Edit_icon_Validation.feature:14)\n","steps":[],"attachments":[{"uid":"73492acb96572882","name":"failed scenario screenshot","source":"73492acb96572882.png","type":"image/png","size":203698}],"parameters":[],"stepsCount":0,"hasContent":true,"shouldDisplayMessage":true,"attachmentsCount":1,"attachmentStep":false},"afterStages":[{"name":"tearDownClass","time":{"start":1729987950199,"stop":1729987950963,"duration":764},"description":"","status":"passed","steps":[],"attachments":[],"parameters":[],"stepsCount":0,"hasContent":false,"shouldDisplayMessage":false,"attachmentsCount":0,"attachmentStep":false}],"labels":[{"name":"package","value":"runner.TestRunner"},{"name":"testClass","value":"runner.TestRunner"},{"name":"testMethod","value":"runScenario"},{"name":"parentSuite","value":"Default suite"},{"name":"suite","value":"Default test"},{"name":"subSuite","value":"runner.TestRunner"},{"name":"host","value":"Dheenathayalans-MacBook-Air.local"},{"name":"thread","value":"3970@Dheenathayalans-MacBook-Air.local.main(1)"},{"name":"framework","value":"testng"},{"name":"language","value":"java"},{"name":"resultFormat","value":"allure2"}],"parameters":[{"name":"arg0","value":"\"Validate program name  value is disabled to edit\""},{"name":"arg1","value":"\"Admin is on the batch page\""}],"links":[],"hidden":true,"retry":true,"extra":{"categories":[],"tags":[]},"source":"a38c715a573dbb15.json","parameterValues":["\"Validate program name  value is disabled to edit\"","\"Admin is on the batch page\""]}