{"uid":"c625677c4f059317","name":"Runs Cucumber Scenarios","fullName":"io.cucumber.testng.AbstractTestNGCucumberTests.runScenario","historyId":"7664091b9985d412dfc5cc2278b087bb","time":{"start":1730002820891,"stop":1730002863046,"duration":42155},"status":"failed","statusMessage":"expected [Number of classes is required.] but found [This field should start with an alphabet and min 2 character.]","statusTrace":"java.lang.AssertionError: expected [Number of classes is required.] but found [This field should start with an alphabet and min 2 character.]\n\tat org.testng.Assert.fail(Assert.java:110)\n\tat org.testng.Assert.failNotEquals(Assert.java:1413)\n\tat org.testng.Assert.assertEqualsImpl(Assert.java:149)\n\tat org.testng.Assert.assertEquals(Assert.java:131)\n\tat org.testng.Assert.assertEquals(Assert.java:655)\n\tat org.testng.Assert.assertEquals(Assert.java:665)\n\tat stepDefinitions.Batch_Edit_batch_validation.admin_should_get_a_error_message_under_the_respective_field(Batch_Edit_batch_validation.java:41)\n\tat ✽.Admin should get a error message under the respective field(file:///Users/mathumathibalakrishnan/git/Team13_SeleniumPathfinders/src/test/resources/features/TC04_06_Edit_batch_validation.feature:10)\n","flaky":false,"newFailed":false,"newBroken":false,"newPassed":false,"retriesCount":0,"retriesStatusChange":false,"beforeStages":[],"testStage":{"status":"failed","statusMessage":"expected [Number of classes is required.] but found [This field should start with an alphabet and min 2 character.]","statusTrace":"java.lang.AssertionError: expected [Number of classes is required.] but found [This field should start with an alphabet and min 2 character.]\n\tat org.testng.Assert.fail(Assert.java:110)\n\tat org.testng.Assert.failNotEquals(Assert.java:1413)\n\tat org.testng.Assert.assertEqualsImpl(Assert.java:149)\n\tat org.testng.Assert.assertEquals(Assert.java:131)\n\tat org.testng.Assert.assertEquals(Assert.java:655)\n\tat org.testng.Assert.assertEquals(Assert.java:665)\n\tat stepDefinitions.Batch_Edit_batch_validation.admin_should_get_a_error_message_under_the_respective_field(Batch_Edit_batch_validation.java:41)\n\tat ✽.Admin should get a error message under the respective field(file:///Users/mathumathibalakrishnan/git/Team13_SeleniumPathfinders/src/test/resources/features/TC04_06_Edit_batch_validation.feature:10)\n","steps":[],"attachments":[{"uid":"da2eac6c74bb891f","name":"failed scenario screenshot","source":"da2eac6c74bb891f.png","type":"image/png","size":210647}],"parameters":[],"stepsCount":0,"hasContent":true,"shouldDisplayMessage":true,"attachmentsCount":1,"attachmentStep":false},"afterStages":[],"labels":[{"name":"package","value":"runner.TestRunner"},{"name":"testClass","value":"runner.TestRunner"},{"name":"testMethod","value":"runScenario"},{"name":"parentSuite","value":"Default suite"},{"name":"suite","value":"Default test"},{"name":"subSuite","value":"runner.TestRunner"},{"name":"host","value":"Dheenathayalans-MacBook-Air.local"},{"name":"thread","value":"21532@Dheenathayalans-MacBook-Air.local.main(1)"},{"name":"framework","value":"testng"},{"name":"language","value":"java"},{"name":"resultFormat","value":"allure2"}],"parameters":[{"name":"arg0","value":"\"Validate editing description and No. of classes fields with invalid data in the pop up\""},{"name":"arg1","value":"\"Edit batch validation\""}],"links":[],"hidden":true,"retry":true,"extra":{"categories":[],"tags":[]},"source":"c625677c4f059317.json","parameterValues":["\"Validate editing description and No. of classes fields with invalid data in the pop up\"","\"Edit batch validation\""]}